Determining if the pthread_create exist failed with the following output:
Change Dir: /home/gamunu/bolt/casablanca/build/CMakeFiles/CMakeTmp

Run Build Command:/usr/bin/make "cmTryCompileExec1076675853/fast"
/usr/bin/make -f CMakeFiles/cmTryCompileExec1076675853.dir/build.make CMakeFiles/cmTryCompileExec1076675853.dir/build
make[1]: Entering directory `/home/gamunu/bolt/casablanca/build/CMakeFiles/CMakeTmp'
/usr/bin/cmake -E cmake_progress_report /home/gamunu/bolt/casablanca/build/CMakeFiles/CMakeTmp/CMakeFiles 1
Building C object CMakeFiles/cmTryCompileExec1076675853.dir/CheckSymbolExists.c.o
/usr/bin/cc    -o CMakeFiles/cmTryCompileExec1076675853.dir/CheckSymbolExists.c.o   -c /home/gamunu/bolt/casablanca/build/CMakeFiles/CMakeTmp/CheckSymbolExists.c
Linking C executable cmTryCompileExec1076675853
/usr/bin/cmake -E cmake_link_script CMakeFiles/cmTryCompileExec1076675853.dir/link.txt --verbose=1
/usr/bin/cc       CMakeFiles/cmTryCompileExec1076675853.dir/CheckSymbolExists.c.o  -o cmTryCompileExec1076675853 -rdynamic 
CMakeFiles/cmTryCompileExec1076675853.dir/CheckSymbolExists.c.o: In function `main':
CheckSymbolExists.c:(.text+0x16): undefined reference to `pthread_create'
collect2: error: ld returned 1 exit status
make[1]: *** [cmTryCompileExec1076675853] Error 1
make[1]: Leaving directory `/home/gamunu/bolt/casablanca/build/CMakeFiles/CMakeTmp'
make: *** [cmTryCompileExec1076675853/fast] Error 2

File /home/gamunu/bolt/casablanca/build/CMakeFiles/CMakeTmp/CheckSymbolExists.c:
/* */
#include <pthread.h>

int main(int argc, char** argv)
{
  (void)argv;
#ifndef pthread_create
  return ((int*)(&pthread_create))[argc];
#else
  (void)argc;
  return 0;
#endif
}

Determining if the function pthread_create exists in the pthreads failed with the following output:
Change Dir: /home/gamunu/bolt/casablanca/build/CMakeFiles/CMakeTmp

Run Build Command:/usr/bin/make "cmTryCompileExec126348498/fast"
/usr/bin/make -f CMakeFiles/cmTryCompileExec126348498.dir/build.make CMakeFiles/cmTryCompileExec126348498.dir/build
make[1]: Entering directory `/home/gamunu/bolt/casablanca/build/CMakeFiles/CMakeTmp'
/usr/bin/cmake -E cmake_progress_report /home/gamunu/bolt/casablanca/build/CMakeFiles/CMakeTmp/CMakeFiles 1
Building C object CMakeFiles/cmTryCompileExec126348498.dir/CheckFunctionExists.c.o
/usr/bin/cc   -DCHECK_FUNCTION_EXISTS=pthread_create   -o CMakeFiles/cmTryCompileExec126348498.dir/CheckFunctionExists.c.o   -c /usr/share/cmake-2.8/Modules/CheckFunctionExists.c
Linking C executable cmTryCompileExec126348498
/usr/bin/cmake -E cmake_link_script CMakeFiles/cmTryCompileExec126348498.dir/link.txt --verbose=1
/usr/bin/cc   -DCHECK_FUNCTION_EXISTS=pthread_create    CMakeFiles/cmTryCompileExec126348498.dir/CheckFunctionExists.c.o  -o cmTryCompileExec126348498 -rdynamic -lpthreads 
/usr/bin/ld: cannot find -lpthreads
collect2: error: ld returned 1 exit status
make[1]: Leaving directory `/home/gamunu/bolt/casablanca/build/CMakeFiles/CMakeTmp'
make[1]: *** [cmTryCompileExec126348498] Error 1
make: *** [cmTryCompileExec126348498/fast] Error 2


